c:\users\mark_dev\source\repos\lab4_graph\lab4_graph\debug\vc142.pdb
c:\users\mark_dev\source\repos\lab4_graph\lab4_graph\debug\vc142.idb
c:\users\mark_dev\source\repos\lab4_graph\lab4_graph\debug\lab4_graph.obj
c:\users\mark_dev\source\kurs_3d\lab4_graph\debug\vc142.pdb
c:\users\mark_dev\source\kurs_3d\lab4_graph\debug\vc142.idb
c:\users\mark_dev\source\kurs_3d\lab4_graph\debug\lab4_graph.obj
c:\users\mark_dev\source\repos\lab4_graph\debug\lab4_graph.exe
c:\users\mark_dev\source\repos\lab4_graph\debug\lab4_graph.ilk
c:\users\mark_dev\source\repos\lab4_graph\debug\lab4_graph.pdb
c:\users\mark_dev\source\kurs_3d\debug\lab4_graph.ilk
c:\users\mark_dev\source\kurs_3d\debug\lab4_graph.exe
c:\users\mark_dev\source\kurs_3d\debug\lab4_graph.pdb
c:\users\mark_dev\source\repos\lab4_graph\lab4_graph\debug\lab4_graph.res
c:\users\mark_dev\source\kurs_3d\lab4_graph\debug\lab4_graph.res
c:\users\mark_dev\source\kurs_3d\lab4_graph\debug\lab4_graph.tlog\cl.command.1.tlog
c:\users\mark_dev\source\kurs_3d\lab4_graph\debug\lab4_graph.tlog\cl.read.1.tlog
c:\users\mark_dev\source\kurs_3d\lab4_graph\debug\lab4_graph.tlog\cl.write.1.tlog
c:\users\mark_dev\source\kurs_3d\lab4_graph\debug\lab4_graph.tlog\link.command.1.tlog
c:\users\mark_dev\source\kurs_3d\lab4_graph\debug\lab4_graph.tlog\link.read.1.tlog
c:\users\mark_dev\source\kurs_3d\lab4_graph\debug\lab4_graph.tlog\link.write.1.tlog
c:\users\mark_dev\source\kurs_3d\lab4_graph\debug\lab4_graph.tlog\rc.command.1.tlog
c:\users\mark_dev\source\kurs_3d\lab4_graph\debug\lab4_graph.tlog\rc.read.1.tlog
c:\users\mark_dev\source\kurs_3d\lab4_graph\debug\lab4_graph.tlog\rc.write.1.tlog
